<?xml version="1.0" encoding="UTF-8"?>
<!-- Generated by org.testng.reporters.JUnitXMLReporter -->
<testsuite ignored="0" hostname="DESKTOP-N31AQQE" failures="0" tests="18" name="Test" time="0.068" errors="0" timestamp="2023-12-04T16:32:56 PKT">
  <testcase classname="Grouping.Testng2.Group1" name="fin" time="0.009"/>
  <testcase classname="Grouping.Testng2.Group1" name="fin2" time="0.001"/>
  <testcase classname="Grouping.Testng2.Group1" name="fin22" time="0.0"/>
  <testcase classname="Grouping.Testng2.Group1" name="fin23" time="0.001"/>
  <testcase classname="Grouping.Testng2.Group2" name="fin3" time="0.001"/>
  <testcase classname="Grouping.Testng2.Group2" name="fin4" time="0.001"/>
  <testcase classname="Grouping.Testng2.Group3" name="fin5" time="0.001"/>
  <testcase classname="Grouping.Testng2.Group3" name="fin6" time="0.001"/>
  <testcase classname="Grouping.Testng2.Group4" name="fin7" time="0.001"/>
  <testcase classname="Grouping.Testng2.Group4" name="fin8" time="0.0"/>
  <testcase classname="Grouping.Testng2.Prioritizing" name="pri4" time="0.001"/>
  <testcase classname="Grouping.Testng2.Prioritizing" name="pri2" time="0.001"/>
  <testcase classname="Grouping.Testng2.Prioritizing" name="pri3" time="0.0"/>
  <testcase classname="Grouping.Testng2.Prioritizing" name="pri1" time="0.0"/>
  <testcase classname="Grouping.Testng2.Parameterization" name="pra11" time="0.001"/>
  <testcase classname="Grouping.Testng2.Parameterization" name="pra22" time="0.001"/>
  <testcase classname="Grouping.Testng2.Parameterization" name="pra33" time="0.001"/>
  <testcase classname="Grouping.Testng2.Parameterization" name="pra44" time="0.0"/>
</testsuite> <!-- Test -->
